# JRE version: OpenJDK Runtime Environment Temurin-21.0.8+9 (21.0.8+9) (build 21.0.8+9-LTS)
# Java VM: OpenJDK 64-Bit Server VM Temurin-21.0.8+9 (21.0.8+9-LTS, mixed mode, sharing, tiered, compressed oops, compressed class ptrs, parallel gc, windows-amd64)
GC Precious Log:
 CardTable entry size: 512
 CPUs: 12 total, 12 available
 Memory: 7480M
 Large Page Support: Disabled
 NUMA Support: Disabled
 Compressed Oops: Enabled (32-bit)
 Alignments: Space 512K, Generation 512K, Heap 2M
 Heap Min Capacity: 100M
 Heap Initial Capacity: 100M
 Heap Max Capacity: 2G
 Pre-touch: Disabled
 Parallel Workers: 10
Heap:
 PSYoungGen      total 20992K, used 20235K [0x00000000d5580000, 0x00000000d8700000, 0x0000000100000000)
  eden space 19456K, 96% used [0x00000000d5580000,0x00000000d67e6c60,0x00000000d6880000)
  from space 1536K, 90% used [0x00000000d8580000,0x00000000d86dc060,0x00000000d8700000)
  to   space 10752K, 0% used [0x00000000d7200000,0x00000000d7200000,0x00000000d7c80000)
 ParOldGen       total 117760K, used 117562K [0x0000000080000000, 0x0000000087300000, 0x00000000d5580000)
  object space 117760K, 99% used [0x0000000080000000,0x00000000872ce800,0x0000000087300000)
 Metaspace       used 63817K, committed 65152K, reserved 1114112K
  class space    used 6995K, committed 7552K, reserved 1048576K
GC Heap History (20 events):
Event: 20.535 GC heap before
{Heap before GC invocations=34 (full 2):
 PSYoungGen      total 24064K, used 23841K [0x00000000d5580000, 0x00000000d6f00000, 0x0000000100000000)
  eden space 22016K, 100% used [0x00000000d5580000,0x00000000d6b00000,0x00000000d6b00000)
  from space 2048K, 89% used [0x00000000d6c00000,0x00000000d6dc8690,0x00000000d6e00000)
  to   space 1024K, 0% used [0x00000000d6e00000,0x00000000d6e00000,0x00000000d6f00000)
 ParOldGen       total 68608K, used 44600K [0x0000000080000000, 0x0000000084300000, 0x00000000d5580000)
  object space 68608K, 65% used [0x0000000080000000,0x0000000082b8e358,0x0000000084300000)
 Metaspace       used 56825K, committed 58112K, reserved 1114112K
  class space    used 6249K, committed 6848K, reserved 1048576K
}
Event: 20.536 GC heap after
{Heap after GC invocations=34 (full 2):
 PSYoungGen      total 23040K, used 950K [0x00000000d5580000, 0x00000000d6f00000, 0x0000000100000000)
  eden space 22016K, 0% used [0x00000000d5580000,0x00000000d5580000,0x00000000d6b00000)
  from space 1024K, 92% used [0x00000000d6e00000,0x00000000d6eedac0,0x00000000d6f00000)
  to   space 1536K, 0% used [0x00000000d6c00000,0x00000000d6c00000,0x00000000d6d80000)
 ParOldGen       total 68608K, used 45540K [0x0000000080000000, 0x0000000084300000, 0x00000000d5580000)
  object space 68608K, 66% used [0x0000000080000000,0x0000000082c79138,0x0000000084300000)
 Metaspace       used 56825K, committed 58112K, reserved 1114112K
  class space    used 6249K, committed 6848K, reserved 1048576K
}
Event: 20.671 GC heap before
{Heap before GC invocations=35 (full 2):
 PSYoungGen      total 23040K, used 18398K [0x00000000d5580000, 0x00000000d6f00000, 0x0000000100000000)
  eden space 22016K, 79% used [0x00000000d5580000,0x00000000d668a020,0x00000000d6b00000)
  from space 1024K, 92% used [0x00000000d6e00000,0x00000000d6eedac0,0x00000000d6f00000)
  to   space 1536K, 0% used [0x00000000d6c00000,0x00000000d6c00000,0x00000000d6d80000)
 ParOldGen       total 68608K, used 45540K [0x0000000080000000, 0x0000000084300000, 0x00000000d5580000)
  object space 68608K, 66% used [0x0000000080000000,0x0000000082c79138,0x0000000084300000)
 Metaspace       used 58548K, committed 59776K, reserved 1114112K
  class space    used 6435K, committed 6976K, reserved 1048576K
}
Event: 20.673 GC heap after
{Heap after GC invocations=35 (full 2):
 PSYoungGen      total 23552K, used 352K [0x00000000d5580000, 0x00000000d6e80000, 0x0000000100000000)
  eden space 22016K, 0% used [0x00000000d5580000,0x00000000d5580000,0x00000000d6b00000)
  from space 1536K, 22% used [0x00000000d6c00000,0x00000000d6c58000,0x00000000d6d80000)
  to   space 1024K, 0% used [0x00000000d6d80000,0x00000000d6d80000,0x00000000d6e80000)
 ParOldGen       total 68608K, used 45572K [0x0000000080000000, 0x0000000084300000, 0x00000000d5580000)
  object space 68608K, 66% used [0x0000000080000000,0x0000000082c81138,0x0000000084300000)
 Metaspace       used 58548K, committed 59776K, reserved 1114112K
  class space    used 6435K, committed 6976K, reserved 1048576K
}
Event: 20.673 GC heap before
{Heap before GC invocations=36 (full 3):
 PSYoungGen      total 23552K, used 352K [0x00000000d5580000, 0x00000000d6e80000, 0x0000000100000000)
  eden space 22016K, 0% used [0x00000000d5580000,0x00000000d5580000,0x00000000d6b00000)
  from space 1536K, 22% used [0x00000000d6c00000,0x00000000d6c58000,0x00000000d6d80000)
  to   space 1024K, 0% used [0x00000000d6d80000,0x00000000d6d80000,0x00000000d6e80000)
 ParOldGen       total 68608K, used 45572K [0x0000000080000000, 0x0000000084300000, 0x00000000d5580000)
  object space 68608K, 66% used [0x0000000080000000,0x0000000082c81138,0x0000000084300000)
 Metaspace       used 58548K, committed 59776K, reserved 1114112K
  class space    used 6435K, committed 6976K, reserved 1048576K
}
Event: 20.729 GC heap after
{Heap after GC invocations=36 (full 3):
 PSYoungGen      total 23552K, used 0K [0x00000000d5580000, 0x00000000d6e80000, 0x0000000100000000)
  eden space 22016K, 0% used [0x00000000d5580000,0x00000000d5580000,0x00000000d6b00000)
  from space 1536K, 0% used [0x00000000d6c00000,0x00000000d6c00000,0x00000000d6d80000)
  to   space 1024K, 0% used [0x00000000d6d80000,0x00000000d6d80000,0x00000000d6e80000)
 ParOldGen       total 68608K, used 40838K [0x0000000080000000, 0x0000000084300000, 0x00000000d5580000)
  object space 68608K, 59% used [0x0000000080000000,0x00000000827e1b68,0x0000000084300000)
 Metaspace       used 58548K, committed 59776K, reserved 1114112K
  class space    used 6435K, committed 6976K, reserved 1048576K
}
Event: 20.982 GC heap before
{Heap before GC invocations=37 (full 3):
 PSYoungGen      total 23552K, used 22016K [0x00000000d5580000, 0x00000000d6e80000, 0x0000000100000000)
  eden space 22016K, 100% used [0x00000000d5580000,0x00000000d6b00000,0x00000000d6b00000)
  from space 1536K, 0% used [0x00000000d6c00000,0x00000000d6c00000,0x00000000d6d80000)
  to   space 1024K, 0% used [0x00000000d6d80000,0x00000000d6d80000,0x00000000d6e80000)
 ParOldGen       total 68608K, used 40838K [0x0000000080000000, 0x0000000084300000, 0x00000000d5580000)
  object space 68608K, 59% used [0x0000000080000000,0x00000000827e1b68,0x0000000084300000)
 Metaspace       used 60907K, committed 62272K, reserved 1114112K
  class space    used 6711K, committed 7296K, reserved 1048576K
}
Event: 20.986 GC heap after
{Heap after GC invocations=37 (full 3):
 PSYoungGen      total 20480K, used 1014K [0x00000000d5580000, 0x00000000d7500000, 0x0000000100000000)
  eden space 19456K, 0% used [0x00000000d5580000,0x00000000d5580000,0x00000000d6880000)
  from space 1024K, 99% used [0x00000000d6d80000,0x00000000d6e7d8b0,0x00000000d6e80000)
  to   space 5120K, 0% used [0x00000000d6880000,0x00000000d6880000,0x00000000d6d80000)
 ParOldGen       total 68608K, used 44171K [0x0000000080000000, 0x0000000084300000, 0x00000000d5580000)
  object space 68608K, 64% used [0x0000000080000000,0x0000000082b22e08,0x0000000084300000)
 Metaspace       used 60907K, committed 62272K, reserved 1114112K
  class space    used 6711K, committed 7296K, reserved 1048576K
}
Event: 21.079 GC heap before
{Heap before GC invocations=38 (full 3):
 PSYoungGen      total 20480K, used 18230K [0x00000000d5580000, 0x00000000d7500000, 0x0000000100000000)
  eden space 19456K, 88% used [0x00000000d5580000,0x00000000d6650230,0x00000000d6880000)
  from space 1024K, 99% used [0x00000000d6d80000,0x00000000d6e7d8b0,0x00000000d6e80000)
  to   space 5120K, 0% used [0x00000000d6880000,0x00000000d6880000,0x00000000d6d80000)
 ParOldGen       total 68608K, used 44171K [0x0000000080000000, 0x0000000084300000, 0x00000000d5580000)
  object space 68608K, 64% used [0x0000000080000000,0x0000000082b22e08,0x0000000084300000)
 Metaspace       used 61361K, committed 62656K, reserved 1114112K
  class space    used 6753K, committed 7296K, reserved 1048576K
}
Event: 21.082 GC heap after
{Heap after GC invocations=38 (full 3):
 PSYoungGen      total 24576K, used 4534K [0x00000000d5580000, 0x00000000d7280000, 0x0000000100000000)
  eden space 19456K, 0% used [0x00000000d5580000,0x00000000d5580000,0x00000000d6880000)
  from space 5120K, 88% used [0x00000000d6880000,0x00000000d6ced870,0x00000000d6d80000)
  to   space 5120K, 0% used [0x00000000d6d80000,0x00000000d6d80000,0x00000000d7280000)
 ParOldGen       total 68608K, used 51393K [0x0000000080000000, 0x0000000084300000, 0x00000000d5580000)
  object space 68608K, 74% used [0x0000000080000000,0x00000000832305e0,0x0000000084300000)
 Metaspace       used 61361K, committed 62656K, reserved 1114112K
  class space    used 6753K, committed 7296K, reserved 1048576K
}
Event: 21.138 GC heap before
{Heap before GC invocations=39 (full 3):
 PSYoungGen      total 24576K, used 23990K [0x00000000d5580000, 0x00000000d7280000, 0x0000000100000000)
  eden space 19456K, 100% used [0x00000000d5580000,0x00000000d6880000,0x00000000d6880000)
  from space 5120K, 88% used [0x00000000d6880000,0x00000000d6ced870,0x00000000d6d80000)
  to   space 5120K, 0% used [0x00000000d6d80000,0x00000000d6d80000,0x00000000d7280000)
 ParOldGen       total 79872K, used 77722K [0x0000000080000000, 0x0000000084e00000, 0x00000000d5580000)
  object space 79872K, 97% used [0x0000000080000000,0x0000000084be6b90,0x0000000084e00000)
 Metaspace       used 61382K, committed 62720K, reserved 1114112K
  class space    used 6755K, committed 7296K, reserved 1048576K
}
Event: 21.139 GC heap after
{Heap after GC invocations=39 (full 3):
 PSYoungGen      total 19968K, used 416K [0x00000000d5580000, 0x00000000d6e00000, 0x0000000100000000)
  eden space 19456K, 0% used [0x00000000d5580000,0x00000000d5580000,0x00000000d6880000)
  from space 512K, 81% used [0x00000000d6d80000,0x00000000d6de8000,0x00000000d6e00000)
  to   space 2048K, 0% used [0x00000000d6a00000,0x00000000d6a00000,0x00000000d6c00000)
 ParOldGen       total 79872K, used 78184K [0x0000000080000000, 0x0000000084e00000, 0x00000000d5580000)
  object space 79872K, 97% used [0x0000000080000000,0x0000000084c5a090,0x0000000084e00000)
 Metaspace       used 61382K, committed 62720K, reserved 1114112K
  class space    used 6755K, committed 7296K, reserved 1048576K
}
Event: 21.200 GC heap before
{Heap before GC invocations=40 (full 3):
 PSYoungGen      total 19968K, used 19872K [0x00000000d5580000, 0x00000000d6e00000, 0x0000000100000000)
  eden space 19456K, 100% used [0x00000000d5580000,0x00000000d6880000,0x00000000d6880000)
  from space 512K, 81% used [0x00000000d6d80000,0x00000000d6de8000,0x00000000d6e00000)
  to   space 2048K, 0% used [0x00000000d6a00000,0x00000000d6a00000,0x00000000d6c00000)
 ParOldGen       total 79872K, used 78184K [0x0000000080000000, 0x0000000084e00000, 0x00000000d5580000)
  object space 79872K, 97% used [0x0000000080000000,0x0000000084c5a090,0x0000000084e00000)
 Metaspace       used 61585K, committed 62912K, reserved 1114112K
  class space    used 6777K, committed 7360K, reserved 1048576K
}
Event: 21.210 GC heap after
{Heap after GC invocations=40 (full 3):
 PSYoungGen      total 21504K, used 2027K [0x00000000d5580000, 0x00000000d8680000, 0x0000000100000000)
  eden space 19456K, 0% used [0x00000000d5580000,0x00000000d5580000,0x00000000d6880000)
  from space 2048K, 98% used [0x00000000d6a00000,0x00000000d6bfac88,0x00000000d6c00000)
  to   space 15360K, 0% used [0x00000000d7780000,0x00000000d7780000,0x00000000d8680000)
 ParOldGen       total 89088K, used 89016K [0x0000000080000000, 0x0000000085700000, 0x00000000d5580000)
  object space 89088K, 99% used [0x0000000080000000,0x00000000856ee090,0x0000000085700000)
 Metaspace       used 61585K, committed 62912K, reserved 1114112K
  class space    used 6777K, committed 7360K, reserved 1048576K
}
Event: 21.258 GC heap before
{Heap before GC invocations=41 (full 3):
 PSYoungGen      total 21504K, used 21483K [0x00000000d5580000, 0x00000000d8680000, 0x0000000100000000)
  eden space 19456K, 100% used [0x00000000d5580000,0x00000000d6880000,0x00000000d6880000)
  from space 2048K, 98% used [0x00000000d6a00000,0x00000000d6bfac88,0x00000000d6c00000)
  to   space 15360K, 0% used [0x00000000d7780000,0x00000000d7780000,0x00000000d8680000)
 ParOldGen       total 89088K, used 89016K [0x0000000080000000, 0x0000000085700000, 0x00000000d5580000)
  object space 89088K, 99% used [0x0000000080000000,0x00000000856ee090,0x0000000085700000)
 Metaspace       used 61870K, committed 63296K, reserved 1114112K
  class space    used 6790K, committed 7360K, reserved 1048576K
}
Event: 21.268 GC heap after
{Heap after GC invocations=41 (full 3):
 PSYoungGen      total 32768K, used 13056K [0x00000000d5580000, 0x00000000d8480000, 0x0000000100000000)
  eden space 19456K, 0% used [0x00000000d5580000,0x00000000d5580000,0x00000000d6880000)
  from space 13312K, 98% used [0x00000000d7780000,0x00000000d8440000,0x00000000d8480000)
  to   space 13824K, 0% used [0x00000000d6980000,0x00000000d6980000,0x00000000d7700000)
 ParOldGen       total 91136K, used 91093K [0x0000000080000000, 0x0000000085900000, 0x00000000d5580000)
  object space 91136K, 99% used [0x0000000080000000,0x00000000858f5438,0x0000000085900000)
 Metaspace       used 61870K, committed 63296K, reserved 1114112K
  class space    used 6790K, committed 7360K, reserved 1048576K
}
Event: 21.340 GC heap before
{Heap before GC invocations=42 (full 3):
 PSYoungGen      total 32768K, used 32512K [0x00000000d5580000, 0x00000000d8480000, 0x0000000100000000)
  eden space 19456K, 100% used [0x00000000d5580000,0x00000000d6880000,0x00000000d6880000)
  from space 13312K, 98% used [0x00000000d7780000,0x00000000d8440000,0x00000000d8480000)
  to   space 13824K, 0% used [0x00000000d6980000,0x00000000d6980000,0x00000000d7700000)
 ParOldGen       total 91136K, used 91093K [0x0000000080000000, 0x0000000085900000, 0x00000000d5580000)
  object space 91136K, 99% used [0x0000000080000000,0x00000000858f5438,0x0000000085900000)
 Metaspace       used 61980K, committed 63360K, reserved 1114112K
  class space    used 6803K, committed 7360K, reserved 1048576K
}
Event: 21.353 GC heap after
{Heap after GC invocations=42 (full 3):
 PSYoungGen      total 33280K, used 13808K [0x00000000d5580000, 0x00000000da280000, 0x0000000100000000)
  eden space 19456K, 0% used [0x00000000d5580000,0x00000000d5580000,0x00000000d6880000)
  from space 13824K, 99% used [0x00000000d6980000,0x00000000d76fc010,0x00000000d7700000)
  to   space 29696K, 0% used [0x00000000d8580000,0x00000000d8580000,0x00000000da280000)
 ParOldGen       total 104448K, used 104181K [0x0000000080000000, 0x0000000086600000, 0x00000000d5580000)
  object space 104448K, 99% used [0x0000000080000000,0x00000000865bd438,0x0000000086600000)
 Metaspace       used 61980K, committed 63360K, reserved 1114112K
  class space    used 6803K, committed 7360K, reserved 1048576K
}
Event: 30.907 GC heap before
{Heap before GC invocations=43 (full 3):
 PSYoungGen      total 33280K, used 33264K [0x00000000d5580000, 0x00000000da280000, 0x0000000100000000)
  eden space 19456K, 100% used [0x00000000d5580000,0x00000000d6880000,0x00000000d6880000)
  from space 13824K, 99% used [0x00000000d6980000,0x00000000d76fc010,0x00000000d7700000)
  to   space 29696K, 0% used [0x00000000d8580000,0x00000000d8580000,0x00000000da280000)
 ParOldGen       total 104448K, used 104181K [0x0000000080000000, 0x0000000086600000, 0x00000000d5580000)
  object space 104448K, 99% used [0x0000000080000000,0x00000000865bd438,0x0000000086600000)
 Metaspace       used 62973K, committed 64320K, reserved 1114112K
  class space    used 6893K, committed 7424K, reserved 1048576K
}
Event: 30.914 GC heap after
{Heap after GC invocations=43 (full 3):
 PSYoungGen      total 20992K, used 1392K [0x00000000d5580000, 0x00000000d8700000, 0x0000000100000000)
  eden space 19456K, 0% used [0x00000000d5580000,0x00000000d5580000,0x00000000d6880000)
  from space 1536K, 90% used [0x00000000d8580000,0x00000000d86dc060,0x00000000d8700000)
  to   space 10752K, 0% used [0x00000000d7200000,0x00000000d7200000,0x00000000d7c80000)
 ParOldGen       total 117760K, used 117562K [0x0000000080000000, 0x0000000087300000, 0x00000000d5580000)
  object space 117760K, 99% used [0x0000000080000000,0x00000000872ce800,0x0000000087300000)
 Metaspace       used 62973K, committed 64320K, reserved 1114112K
  class space    used 6893K, committed 7424K, reserved 1048576K
}

